guessing flag len ... 0
guessing flag len ... 1
guessing flag len ... 2
guessing flag len ... 3
guessing flag len ... 4
guessing flag len ... 5
guessing flag len ... 6
guessing flag len ... 7
guessing flag len ... 8
guessing flag len ... 9
guessing flag len ... 10
guessing flag len ... 11
guessing flag len ... 12
guessing flag len ... 13
guessing flag len ... 14
guessing flag len ... 15
guessing flag len ... 16
guessing flag len ... 17
guessing flag len ... 18
guessing flag len ... 19
guessing flag len ... 20
guessing flag len ... 21
guessing flag len ... 22
guessing flag len ... 23
guessing flag len ... 24
guessing flag len ... 25
guessing flag len ... 26
guessing flag len ... 27
guessing flag len ... 28
guessing flag len ... 29
guessing flag len ... 30
guessing flag len ... 31
guessing flag len ... 32
guessing flag len ... 33
guessing flag len ... 34
guessing flag len ... 35
guessing flag len ... 36
guessing flag len ... 37
guessing flag len ... 38
guessing flag len ... 39
guessing flag len ... 40
guessing flag len ... 41
guessing flag len ... 42
guessing flag len ... 43
guessing flag len ... 44
guessing flag len ... 45
guessing flag len ... 46
guessing flag len ... 47
guessing flag len ... 48
guessing flag len ... 49
guessing flag len ... 50
guessing flag len ... 51
guessing flag len ... 52
guessing flag len ... 53
guessing flag len ... 54
guessing flag len ... 55
guessing flag len ... 56
guessing flag len ... 57
guessing flag len ... 58
guessing flag len ... 59
guessing flag len ... 60
guessing flag len ... 61
guessing flag len ... 62
guessing flag len ... 63
guessing flag len ... 64
guessing flag len ... 65
guessing flag len ... 66
guessing flag len ... 67
guessing flag len ... 68
guessing flag len ... 69
guessing flag len ... 70
guessing flag len ... 71
guessing flag len ... 72
guessing flag len ... 73
guessing flag len ... 74
guessing flag len ... 75
guessing flag len ... 76
guessing flag len ... 77
guessing flag len ... 78
guessing flag len ... 79
guessing flag len ... 80
guessing flag len ... 81
guessing flag len ... 82
sec_flg_len:82
current flag: <
current flag: <s
current flag: <sp
current flag: <spa
current flag: <span
current flag: <span 
current flag: <span c
current flag: <span cl
current flag: <span cla
current flag: <span clas
current flag: <span class
current flag: <span class=
current flag: <span class="
current flag: <span class="s
current flag: <span class="st
current flag: <span class="str
current flag: <span class="stri
current flag: <span class="strin
current flag: <span class="string
current flag: <span class="string"
current flag: <span class="string">
current flag: <span class="string">&
current flag: <span class="string">&#
current flag: <span class="string">&#3
current flag: <span class="string">&#39
current flag: <span class="string">&#39;
current flag: <span class="string">&#39;F
current flag: <span class="string">&#39;FL
current flag: <span class="string">&#39;FLA
current flag: <span class="string">&#39;FLAG
current flag: <span class="string">&#39;FLAG{
current flag: <span class="string">&#39;FLAG{f
current flag: <span class="string">&#39;FLAG{f1
current flag: <span class="string">&#39;FLAG{f14
current flag: <span class="string">&#39;FLAG{f14s
current flag: <span class="string">&#39;FLAG{f14sk
current flag: <span class="string">&#39;FLAG{f14sk_
current flag: <span class="string">&#39;FLAG{f14sk_d
current flag: <span class="string">&#39;FLAG{f14sk_d3
current flag: <span class="string">&#39;FLAG{f14sk_d36
current flag: <span class="string">&#39;FLAG{f14sk_d36u
current flag: <span class="string">&#39;FLAG{f14sk_d36ug
current flag: <span class="string">&#39;FLAG{f14sk_d36ug_
current flag: <span class="string">&#39;FLAG{f14sk_d36ug_m
current flag: <span class="string">&#39;FLAG{f14sk_d36ug_m0
current flag: <span class="string">&#39;FLAG{f14sk_d36ug_m0d
current flag: <span class="string">&#39;FLAG{f14sk_d36ug_m0d3
current flag: <span class="string">&#39;FLAG{f14sk_d36ug_m0d3_
current flag: <span class="string">&#39;FLAG{f14sk_d36ug_m0d3_i
current flag: <span class="string">&#39;FLAG{f14sk_d36ug_m0d3_i5
current flag: <span class="string">&#39;FLAG{f14sk_d36ug_m0d3_i5_
current flag: <span class="string">&#39;FLAG{f14sk_d36ug_m0d3_i5_r
current flag: <span class="string">&#39;FLAG{f14sk_d36ug_m0d3_i5_r3
current flag: <span class="string">&#39;FLAG{f14sk_d36ug_m0d3_i5_r3a
current flag: <span class="string">&#39;FLAG{f14sk_d36ug_m0d3_i5_r3a1
current flag: <span class="string">&#39;FLAG{f14sk_d36ug_m0d3_i5_r3a1l
current flag: <span class="string">&#39;FLAG{f14sk_d36ug_m0d3_i5_r3a1ly
current flag: <span class="string">&#39;FLAG{f14sk_d36ug_m0d3_i5_r3a1ly_
current flag: <span class="string">&#39;FLAG{f14sk_d36ug_m0d3_i5_r3a1ly_d
current flag: <span class="string">&#39;FLAG{f14sk_d36ug_m0d3_i5_r3a1ly_d4
current flag: <span class="string">&#39;FLAG{f14sk_d36ug_m0d3_i5_r3a1ly_d4n
current flag: <span class="string">&#39;FLAG{f14sk_d36ug_m0d3_i5_r3a1ly_d4ng
current flag: <span class="string">&#39;FLAG{f14sk_d36ug_m0d3_i5_r3a1ly_d4ng3
current flag: <span class="string">&#39;FLAG{f14sk_d36ug_m0d3_i5_r3a1ly_d4ng3r
current flag: <span class="string">&#39;FLAG{f14sk_d36ug_m0d3_i5_r3a1ly_d4ng3r0
current flag: <span class="string">&#39;FLAG{f14sk_d36ug_m0d3_i5_r3a1ly_d4ng3r0u
current flag: <span class="string">&#39;FLAG{f14sk_d36ug_m0d3_i5_r3a1ly_d4ng3r0u5
current flag: <span class="string">&#39;FLAG{f14sk_d36ug_m0d3_i5_r3a1ly_d4ng3r0u5}
current flag: <span class="string">&#39;FLAG{f14sk_d36ug_m0d3_i5_r3a1ly_d4ng3r0u5}\
current flag: <span class="string">&#39;FLAG{f14sk_d36ug_m0d3_i5_r3a1ly_d4ng3r0u5}\n
current flag: <span class="string">&#39;FLAG{f14sk_d36ug_m0d3_i5_r3a1ly_d4ng3r0u5}\n&
current flag: <span class="string">&#39;FLAG{f14sk_d36ug_m0d3_i5_r3a1ly_d4ng3r0u5}\n&#
current flag: <span class="string">&#39;FLAG{f14sk_d36ug_m0d3_i5_r3a1ly_d4ng3r0u5}\n&#3
current flag: <span class="string">&#39;FLAG{f14sk_d36ug_m0d3_i5_r3a1ly_d4ng3r0u5}\n&#39
current flag: <span class="string">&#39;FLAG{f14sk_d36ug_m0d3_i5_r3a1ly_d4ng3r0u5}\n&#39;
current flag: <span class="string">&#39;FLAG{f14sk_d36ug_m0d3_i5_r3a1ly_d4ng3r0u5}\n&#39;<
current flag: <span class="string">&#39;FLAG{f14sk_d36ug_m0d3_i5_r3a1ly_d4ng3r0u5}\n&#39;</
current flag: <span class="string">&#39;FLAG{f14sk_d36ug_m0d3_i5_r3a1ly_d4ng3r0u5}\n&#39;</s
current flag: <span class="string">&#39;FLAG{f14sk_d36ug_m0d3_i5_r3a1ly_d4ng3r0u5}\n&#39;</sp
current flag: <span class="string">&#39;FLAG{f14sk_d36ug_m0d3_i5_r3a1ly_d4ng3r0u5}\n&#39;</spa
current flag: <span class="string">&#39;FLAG{f14sk_d36ug_m0d3_i5_r3a1ly_d4ng3r0u5}\n&#39;</span
current flag: <span class="string">&#39;FLAG{f14sk_d36ug_m0d3_i5_r3a1ly_d4ng3r0u5}\n&#39;</span>